TN:
SF:src\app.ts
FN:35,(anonymous_1)
FN:67,(anonymous_2)
FN:76,(anonymous_3)
FN:90,(anonymous_4)
FNF:4
FNH:3
FNDA:0,(anonymous_1)
FNDA:20,(anonymous_2)
FNDA:3,(anonymous_3)
FNDA:1,(anonymous_4)
DA:1,4
DA:2,4
DA:3,4
DA:4,4
DA:5,4
DA:6,4
DA:9,4
DA:10,4
DA:11,4
DA:12,4
DA:13,4
DA:14,4
DA:16,4
DA:18,4
DA:21,4
DA:31,4
DA:32,4
DA:35,4
DA:36,0
DA:40,4
DA:48,4
DA:54,4
DA:62,4
DA:63,4
DA:66,4
DA:67,20
DA:69,0
DA:73,4
DA:76,4
DA:78,3
DA:80,2
DA:86,1
DA:90,4
DA:91,1
DA:92,1
DA:96,0
DA:97,0
DA:101,4
DA:103,4
LF:39
LH:35
BRDA:66,0,0,4
BRDA:66,0,1,0
BRDA:78,1,0,2
BRDA:78,1,1,1
BRDA:78,2,0,3
BRDA:78,2,1,3
BRDA:78,2,2,2
BRDA:82,3,0,2
BRDA:82,3,1,0
BRDA:91,4,0,1
BRDA:91,4,1,0
BRDA:91,5,0,1
BRDA:91,5,1,1
BRF:13
BRH:10
end_of_record
TN:
SF:src\utils.ts
FN:8,removeNullAttributes
FN:11,(anonymous_1)
FN:16,findOrThrowNotFound
FN:28,throwConflictIfFound
FN:38,throwBadRequestIfMissing
FN:55,check_var_invalid
FN:68,throwBadRequestIfMissingObject
FN:71,(anonymous_7)
FN:72,(anonymous_8)
FN:85,buildParamsObject
FNF:10
FNH:3
FNDA:8,removeNullAttributes
FNDA:24,(anonymous_1)
FNDA:0,findOrThrowNotFound
FNDA:0,throwConflictIfFound
FNDA:0,throwBadRequestIfMissing
FNDA:24,check_var_invalid
FNDA:0,throwBadRequestIfMissingObject
FNDA:0,(anonymous_7)
FNDA:0,(anonymous_8)
FNDA:0,buildParamsObject
DA:2,5
DA:3,5
DA:4,5
DA:6,5
DA:8,5
DA:9,8
DA:11,24
DA:16,5
DA:21,0
DA:22,0
DA:23,0
DA:25,0
DA:28,5
DA:33,0
DA:34,0
DA:38,5
DA:43,0
DA:44,0
DA:45,0
DA:46,0
DA:55,5
DA:56,24
DA:68,5
DA:69,0
DA:71,0
DA:72,0
DA:85,5
DA:89,0
DA:91,0
DA:92,0
DA:93,0
DA:97,0
LF:32
LH:14
BRDA:22,0,0,0
BRDA:22,0,1,0
BRDA:33,1,0,0
BRDA:33,1,1,0
BRDA:44,2,0,0
BRDA:44,2,1,0
BRDA:57,3,0,24
BRDA:57,3,1,22
BRDA:57,3,2,22
BRDA:57,3,3,14
BRDA:57,3,4,22
BRDA:57,3,5,0
BRDA:92,4,0,0
BRDA:92,4,1,0
BRF:14
BRH:5
end_of_record
TN:
SF:src\controllers\authController.ts
FN:13,(anonymous_0)
FN:51,(anonymous_1)
FN:80,(anonymous_2)
FNF:3
FNH:3
FNDA:96,(anonymous_0)
FNDA:5,(anonymous_1)
FNDA:4,(anonymous_2)
DA:2,7
DA:3,7
DA:5,7
DA:12,7
DA:14,96
DA:15,96
DA:16,96
DA:17,1
DA:23,95
DA:25,93
DA:26,0
DA:29,93
DA:30,93
DA:31,93
DA:44,2
DA:52,5
DA:53,5
DA:54,2
DA:55,0
DA:60,2
DA:73,3
DA:81,4
DA:82,4
DA:83,2
DA:88,2
DA:89,2
LF:26
LH:24
BRDA:15,0,0,96
BRDA:15,0,1,0
BRDA:16,1,0,1
BRDA:16,1,1,95
BRDA:16,2,0,96
BRDA:16,2,1,96
BRDA:25,3,0,0
BRDA:25,3,1,93
BRDA:38,4,0,93
BRDA:38,4,1,78
BRDA:46,5,0,2
BRDA:46,5,1,0
BRDA:54,6,0,0
BRDA:54,6,1,2
BRDA:67,7,0,2
BRDA:67,7,1,2
BRDA:82,8,0,2
BRDA:82,8,1,2
BRF:18
BRH:14
end_of_record
TN:
SF:src\controllers\reportController.ts
FN:20,(anonymous_1)
FN:76,(anonymous_2)
FN:97,(anonymous_3)
FN:108,(anonymous_4)
FN:149,(anonymous_5)
FN:196,(anonymous_6)
FN:224,(anonymous_7)
FN:261,(anonymous_8)
FNF:8
FNH:8
FNDA:11,(anonymous_1)
FNDA:8,(anonymous_2)
FNDA:4,(anonymous_3)
FNDA:17,(anonymous_4)
FNDA:31,(anonymous_5)
FNDA:19,(anonymous_6)
FNDA:8,(anonymous_7)
FNDA:2,(anonymous_8)
DA:2,5
DA:3,5
DA:6,5
DA:20,5
DA:21,11
DA:22,11
DA:29,11
DA:30,0
DA:37,11
DA:38,5
DA:39,2
DA:44,3
DA:49,6
DA:51,6
DA:52,0
DA:57,6
DA:58,1
DA:61,0
DA:67,9
DA:68,8
DA:70,1
DA:71,1
DA:76,5
DA:77,8
DA:78,8
DA:79,8
DA:81,8
DA:82,1
DA:85,7
DA:87,6
DA:88,2
DA:91,4
DA:93,1
DA:97,5
DA:98,4
DA:99,4
DA:100,4
DA:102,2
DA:104,2
DA:108,5
DA:109,17
DA:110,17
DA:112,17
DA:113,17
DA:116,17
DA:117,3
DA:122,14
DA:126,3
DA:131,11
DA:137,6
DA:140,5
DA:142,5
DA:145,5
DA:149,5
DA:150,31
DA:158,31
DA:159,31
DA:162,31
DA:163,2
DA:168,29
DA:169,2
DA:172,27
DA:173,2
DA:176,25
DA:177,2
DA:180,23
DA:181,2
DA:187,21
DA:188,2
DA:191,19
DA:192,1
DA:195,18
DA:196,19
DA:203,18
DA:216,17
DA:219,1
DA:220,1
DA:224,5
DA:225,8
DA:226,8
DA:227,1
DA:233,7
DA:234,7
DA:235,1
DA:241,6
DA:242,2
DA:248,4
DA:250,4
DA:252,3
DA:254,1
DA:261,5
DA:262,2
DA:263,2
DA:264,2
DA:265,1
DA:268,1
LF:96
LH:93
BRDA:29,0,0,0
BRDA:29,0,1,11
BRDA:37,1,0,5
BRDA:37,1,1,6
BRDA:38,2,0,2
BRDA:38,2,1,3
BRDA:38,3,0,5
BRDA:38,3,1,3
BRDA:49,4,0,6
BRDA:49,4,1,0
BRDA:49,5,0,6
BRDA:49,5,1,1
BRDA:51,6,0,0
BRDA:51,6,1,6
BRDA:51,7,0,6
BRDA:51,7,1,1
BRDA:57,8,0,1
BRDA:57,8,1,5
BRDA:81,9,0,1
BRDA:81,9,1,7
BRDA:87,10,0,2
BRDA:87,10,1,4
BRDA:113,11,0,17
BRDA:113,11,1,15
BRDA:116,12,0,3
BRDA:116,12,1,14
BRDA:116,13,0,17
BRDA:116,13,1,9
BRDA:122,14,0,3
BRDA:122,14,1,11
BRDA:123,15,0,14
BRDA:123,15,1,6
BRDA:123,15,2,3
BRDA:140,16,0,5
BRDA:140,16,1,0
BRDA:142,17,0,3
BRDA:142,17,1,2
BRDA:142,18,0,5
BRDA:142,18,1,5
BRDA:162,19,0,2
BRDA:162,19,1,29
BRDA:162,20,0,31
BRDA:162,20,1,29
BRDA:168,21,0,2
BRDA:168,21,1,27
BRDA:168,22,0,29
BRDA:168,22,1,28
BRDA:172,23,0,2
BRDA:172,23,1,25
BRDA:172,24,0,27
BRDA:172,24,1,25
BRDA:176,25,0,2
BRDA:176,25,1,23
BRDA:180,26,0,2
BRDA:180,26,1,21
BRDA:187,27,0,2
BRDA:187,27,1,19
BRDA:187,28,0,21
BRDA:187,28,1,21
BRDA:191,29,0,1
BRDA:191,29,1,18
BRDA:209,30,0,18
BRDA:209,30,1,18
BRDA:226,31,0,1
BRDA:226,31,1,7
BRDA:234,32,0,1
BRDA:234,32,1,6
BRDA:234,33,0,7
BRDA:234,33,1,6
BRDA:241,34,0,2
BRDA:241,34,1,4
BRDA:248,35,0,2
BRDA:248,35,1,2
BRF:73
BRH:69
end_of_record
TN:
SF:src\controllers\userController.ts
FN:8,(anonymous_1)
FN:52,(anonymous_2)
FN:104,(anonymous_3)
FN:116,(anonymous_4)
FN:143,(anonymous_5)
FN:168,(anonymous_6)
FN:180,(anonymous_7)
FN:192,(anonymous_8)
FNF:8
FNH:7
FNDA:86,(anonymous_1)
FNDA:43,(anonymous_2)
FNDA:4,(anonymous_3)
FNDA:9,(anonymous_4)
FNDA:8,(anonymous_5)
FNDA:8,(anonymous_6)
FNDA:8,(anonymous_7)
FNDA:0,(anonymous_8)
DA:2,7
DA:3,7
DA:4,7
DA:5,7
DA:7,7
DA:9,86
DA:10,86
DA:12,86
DA:13,2
DA:18,84
DA:25,80
DA:27,80
DA:28,80
DA:30,80
DA:37,4
DA:41,3
DA:45,1
DA:53,43
DA:61,43
DA:63,43
DA:71,4
DA:78,39
DA:87,31
DA:89,8
DA:93,6
DA:97,2
DA:105,4
DA:106,4
DA:107,2
DA:109,2
DA:117,9
DA:118,9
DA:120,9
DA:121,2
DA:126,7
DA:128,5
DA:129,3
DA:134,2
DA:136,2
DA:144,8
DA:145,8
DA:147,8
DA:148,2
DA:153,6
DA:154,2
DA:156,4
DA:157,2
DA:161,2
DA:169,8
DA:170,8
DA:171,5
DA:173,3
DA:181,8
DA:182,8
DA:183,5
DA:185,3
DA:193,0
DA:194,0
DA:196,0
DA:197,0
DA:199,0
DA:200,0
DA:201,0
DA:207,0
DA:208,0
DA:215,0
DA:216,0
DA:219,0
DA:221,0
DA:222,0
DA:223,0
DA:226,0
DA:233,0
DA:235,0
LF:74
LH:56
BRDA:10,0,0,86
BRDA:10,0,1,0
BRDA:12,1,0,2
BRDA:12,1,1,84
BRDA:12,2,0,86
BRDA:12,2,1,85
BRDA:12,2,2,85
BRDA:12,2,3,84
BRDA:12,2,4,84
BRDA:37,3,0,3
BRDA:37,3,1,1
BRDA:38,4,0,4
BRDA:38,4,1,2
BRDA:47,5,0,1
BRDA:47,5,1,0
BRDA:61,6,0,43
BRDA:61,6,1,0
BRDA:63,7,0,4
BRDA:63,7,1,39
BRDA:64,8,0,43
BRDA:64,8,1,43
BRDA:64,8,2,42
BRDA:64,8,3,41
BRDA:64,8,4,41
BRDA:64,8,5,41
BRDA:89,9,0,6
BRDA:89,9,1,2
BRDA:90,10,0,8
BRDA:90,10,1,4
BRDA:99,11,0,2
BRDA:99,11,1,0
BRDA:111,12,0,2
BRDA:111,12,1,0
BRDA:120,13,0,2
BRDA:120,13,1,7
BRDA:128,14,0,3
BRDA:128,14,1,2
BRDA:138,15,0,2
BRDA:138,15,1,0
BRDA:147,16,0,2
BRDA:147,16,1,6
BRDA:156,17,0,2
BRDA:156,17,1,2
BRDA:163,18,0,2
BRDA:163,18,1,0
BRDA:175,19,0,3
BRDA:175,19,1,0
BRDA:187,20,0,3
BRDA:187,20,1,0
BRDA:196,21,0,0
BRDA:196,21,1,0
BRDA:199,22,0,0
BRDA:199,22,1,0
BRDA:199,23,0,0
BRDA:199,23,1,0
BRDA:199,23,2,0
BRDA:207,24,0,0
BRDA:207,24,1,0
BRDA:222,25,0,0
BRDA:222,25,1,0
BRDA:223,26,0,0
BRDA:223,26,1,0
BRDA:237,27,0,0
BRDA:237,27,1,0
BRF:64
BRH:40
end_of_record
TN:
SF:src\middlewares\authMiddleware.ts
FN:23,(anonymous_1)
FNF:1
FNH:1
FNDA:111,(anonymous_1)
DA:2,4
DA:3,4
DA:5,4
DA:23,4
DA:28,111
DA:29,111
DA:31,111
DA:32,12
DA:38,99
DA:40,99
DA:42,99
DA:43,0
DA:49,99
DA:51,99
DA:53,0
DA:54,0
DA:60,0
DA:61,0
DA:67,0
LF:19
LH:13
BRDA:31,0,0,12
BRDA:31,0,1,99
BRDA:42,1,0,0
BRDA:42,1,1,99
BRDA:53,2,0,0
BRDA:53,2,1,0
BRDA:60,3,0,0
BRDA:60,3,1,0
BRF:8
BRH:3
end_of_record
TN:
SF:src\middlewares\errorMiddleware.ts
FN:5,errorHandler
FNF:1
FNH:0
FNDA:0,errorHandler
DA:1,4
DA:2,4
DA:11,0
DA:12,0
DA:15,4
LF:5
LH:3
BRF:0
BRH:0
end_of_record
TN:
SF:src\middlewares\roleMiddleware.ts
FN:3,(anonymous_0)
FN:21,(anonymous_1)
FN:43,(anonymous_2)
FN:66,(anonymous_3)
FN:84,(anonymous_4)
FN:85,(anonymous_5)
FNF:6
FNH:6
FNDA:59,(anonymous_0)
FNDA:14,(anonymous_1)
FNDA:3,(anonymous_2)
FNDA:27,(anonymous_3)
FNDA:3,(anonymous_4)
FNDA:3,(anonymous_5)
DA:3,5
DA:4,59
DA:5,1
DA:11,58
DA:12,6
DA:18,52
DA:21,5
DA:26,14
DA:27,1
DA:33,13
DA:34,3
DA:40,10
DA:43,5
DA:48,3
DA:49,0
DA:55,3
DA:56,0
DA:62,3
DA:66,5
DA:67,27
DA:68,1
DA:74,26
DA:75,1
DA:81,25
DA:84,5
DA:85,3
DA:86,3
DA:87,1
DA:93,2
DA:94,1
DA:100,1
LF:31
LH:29
BRDA:4,0,0,1
BRDA:4,0,1,58
BRDA:11,1,0,6
BRDA:11,1,1,52
BRDA:26,2,0,1
BRDA:26,2,1,13
BRDA:33,3,0,3
BRDA:33,3,1,10
BRDA:33,4,0,13
BRDA:33,4,1,4
BRDA:48,5,0,0
BRDA:48,5,1,3
BRDA:55,6,0,0
BRDA:55,6,1,3
BRDA:67,7,0,1
BRDA:67,7,1,26
BRDA:74,8,0,1
BRDA:74,8,1,25
BRDA:74,9,0,26
BRDA:74,9,1,2
BRDA:86,10,0,1
BRDA:86,10,1,2
BRDA:93,11,0,1
BRDA:93,11,1,1
BRF:24
BRH:22
end_of_record
TN:
SF:src\middlewares\uploadMiddleware.ts
FN:6,(anonymous_1)
FN:27,(anonymous_2)
FN:28,(anonymous_3)
FN:29,(anonymous_4)
FNF:4
FNH:4
FNDA:24,(anonymous_1)
FNDA:4,(anonymous_2)
FNDA:23,(anonymous_3)
FNDA:23,(anonymous_4)
DA:1,4
DA:4,4
DA:6,4
DA:11,24
DA:12,24
DA:14,0
DA:18,4
DA:27,4
DA:28,4
DA:29,23
DA:30,23
DA:31,1
DA:32,0
DA:36,1
DA:37,0
DA:41,1
DA:42,0
DA:46,1
DA:47,1
DA:51,0
DA:53,22
DA:58,4
LF:22
LH:17
BRDA:11,0,0,24
BRDA:11,0,1,0
BRDA:30,1,0,1
BRDA:30,1,1,22
BRDA:31,2,0,0
BRDA:31,2,1,1
BRDA:36,3,0,0
BRDA:36,3,1,1
BRDA:41,4,0,0
BRDA:41,4,1,1
BRDA:46,5,0,1
BRDA:46,5,1,0
BRF:12
BRH:7
end_of_record
TN:
SF:src\middlewares\validatorMiddleware.ts
FNF:0
FNH:0
DA:1,4
DA:2,4
DA:4,4
DA:5,4
DA:9,4
LF:5
LH:5
BRDA:5,0,0,0
BRDA:5,0,1,4
BRF:2
BRH:1
end_of_record
TN:
SF:src\repositories\reportRepository.ts
FN:8,(anonymous_0)
FN:53,(anonymous_1)
FN:69,(anonymous_2)
FN:94,(anonymous_3)
FN:111,(anonymous_4)
FN:124,(anonymous_5)
FN:147,(anonymous_6)
FN:153,(anonymous_7)
FNF:8
FNH:8
FNDA:9,(anonymous_0)
FNDA:11,(anonymous_1)
FNDA:20,(anonymous_2)
FNDA:2,(anonymous_3)
FNDA:2,(anonymous_4)
FNDA:5,(anonymous_5)
FNDA:1,(anonymous_6)
FNDA:21,(anonymous_7)
DA:1,5
DA:8,5
DA:10,9
DA:11,3
DA:35,6
DA:53,5
DA:54,11
DA:69,5
DA:70,20
DA:83,20
DA:84,18
DA:89,20
DA:94,5
DA:95,2
DA:111,5
DA:115,2
DA:124,5
DA:128,5
DA:147,5
DA:148,1
DA:153,5
DA:163,21
DA:169,5
LF:23
LH:23
BRDA:10,0,0,3
BRDA:10,0,1,6
BRDA:36,1,0,2
BRDA:36,1,1,4
BRDA:79,2,0,20
BRDA:79,2,1,20
BRDA:83,3,0,18
BRDA:83,3,1,2
BRDA:131,4,0,2
BRDA:131,4,1,3
BRF:10
BRH:10
end_of_record
TN:
SF:src\repositories\roleRepository.ts
FN:4,(anonymous_0)
FN:12,(anonymous_1)
FN:16,(anonymous_2)
FN:22,(anonymous_3)
FN:28,(anonymous_4)
FNF:5
FNH:5
FNDA:1,(anonymous_0)
FNDA:3,(anonymous_1)
FNDA:2,(anonymous_2)
FNDA:2,(anonymous_3)
FNDA:2,(anonymous_4)
DA:1,6
DA:3,6
DA:5,1
DA:13,3
DA:17,2
DA:23,2
DA:30,2
LF:7
LH:7
BRF:0
BRH:0
end_of_record
TN:
SF:src\repositories\userRepository.ts
FN:6,(anonymous_0)
FN:24,(anonymous_1)
FN:45,(anonymous_2)
FN:66,(anonymous_3)
FN:86,(anonymous_4)
FN:119,(anonymous_5)
FN:138,(anonymous_6)
FN:144,(anonymous_7)
FN:166,(anonymous_8)
FN:188,(anonymous_9)
FNF:10
FNH:9
FNDA:80,(anonymous_0)
FNDA:286,(anonymous_1)
FNDA:169,(anonymous_2)
FNDA:278,(anonymous_3)
FNDA:31,(anonymous_4)
FNDA:3,(anonymous_5)
FNDA:2,(anonymous_6)
FNDA:4,(anonymous_7)
FNDA:0,(anonymous_8)
FNDA:3,(anonymous_9)
DA:1,9
DA:2,9
DA:5,9
DA:13,80
DA:25,286
DA:46,169
DA:67,278
DA:95,31
DA:120,3
DA:139,2
DA:146,4
DA:147,4
DA:172,0
DA:173,0
DA:174,0
DA:176,0
DA:177,0
DA:179,0
DA:180,0
DA:182,0
DA:189,3
LF:21
LH:13
BRDA:173,0,0,0
BRDA:173,0,1,0
BRDA:176,1,0,0
BRDA:176,1,1,0
BRDA:179,2,0,0
BRDA:179,2,1,0
BRF:6
BRH:0
end_of_record
TN:
SF:src\routes\authRouter.ts
FNF:0
FNH:0
DA:1,5
DA:2,5
DA:4,5
DA:7,5
DA:10,5
DA:13,5
DA:15,5
LF:7
LH:7
BRF:0
BRH:0
end_of_record
TN:
SF:src\routes\reportRouter.ts
FNF:0
FNH:0
DA:1,5
DA:2,5
DA:9,5
DA:10,5
DA:11,5
DA:13,5
DA:16,5
DA:25,5
DA:28,5
DA:31,5
DA:33,5
DA:35,5
LF:12
LH:12
BRF:0
BRH:0
end_of_record
TN:
SF:src\routes\userRouter.ts
FNF:0
FNH:0
DA:1,6
DA:2,6
DA:3,6
DA:5,6
DA:6,6
DA:8,6
DA:11,6
DA:19,6
DA:27,6
DA:35,6
DA:38,6
DA:47,6
DA:50,6
DA:53,6
DA:55,6
LF:15
LH:15
BRF:0
BRH:0
end_of_record
TN:
SF:src\services\authService.ts
FN:10,(anonymous_1)
FN:51,(anonymous_2)
FN:79,(anonymous_3)
FN:97,(anonymous_4)
FNF:4
FNH:4
FNDA:83,(anonymous_1)
FNDA:175,(anonymous_2)
FNDA:7,(anonymous_3)
FNDA:3,(anonymous_4)
DA:1,7
DA:4,7
DA:5,7
DA:7,7
DA:9,7
DA:18,83
DA:19,83
DA:20,2
DA:24,81
DA:25,81
DA:26,1
DA:30,80
DA:33,80
DA:42,80
DA:48,80
DA:53,175
DA:55,175
DA:56,1
DA:59,174
DA:60,174
DA:61,2
DA:65,172
DA:67,172
DA:68,0
DA:71,172
DA:76,172
DA:80,7
DA:81,7
DA:82,3
DA:85,4
DA:86,4
DA:87,3
DA:88,3
DA:89,1
DA:91,2
DA:93,2
DA:105,3
DA:106,3
DA:107,1
DA:110,2
DA:111,2
DA:112,1
DA:115,1
DA:117,1
DA:127,1
LF:45
LH:44
BRDA:19,0,0,2
BRDA:19,0,1,81
BRDA:25,1,0,1
BRDA:25,1,1,80
BRDA:53,2,0,175
BRDA:53,2,1,59
BRDA:55,3,0,1
BRDA:55,3,1,174
BRDA:60,4,0,2
BRDA:60,4,1,172
BRDA:67,5,0,0
BRDA:67,5,1,172
BRDA:81,6,0,3
BRDA:81,6,1,4
BRDA:88,7,0,1
BRDA:88,7,1,2
BRDA:106,8,0,1
BRDA:106,8,1,2
BRDA:111,9,0,1
BRDA:111,9,1,1
BRF:20
BRH:19
end_of_record
TN:
SF:src\services\errorService.ts
FN:5,createAppError
FNF:1
FNH:1
FNDA:5,createAppError
DA:1,5
DA:2,5
DA:3,5
DA:5,5
DA:6,5
DA:12,5
DA:13,5
DA:19,5
DA:23,3
DA:26,5
LF:10
LH:10
BRDA:9,0,0,5
BRDA:9,0,1,1
BRDA:15,1,0,5
BRDA:15,1,1,3
BRDA:19,2,0,3
BRDA:19,2,1,2
BRDA:20,3,0,5
BRDA:20,3,1,4
BRDA:20,3,2,2
BRF:9
BRH:9
end_of_record
TN:
SF:src\services\imageService.ts
FN:26,(anonymous_1)
FN:50,(anonymous_2)
FN:127,(anonymous_3)
FN:148,(anonymous_4)
FN:149,(anonymous_5)
FN:182,(anonymous_6)
FN:223,(anonymous_7)
FN:238,(anonymous_8)
FN:284,(anonymous_9)
FN:288,(anonymous_10)
FN:292,(anonymous_11)
FNF:11
FNH:4
FNDA:0,(anonymous_1)
FNDA:0,(anonymous_2)
FNDA:0,(anonymous_3)
FNDA:0,(anonymous_4)
FNDA:0,(anonymous_5)
FNDA:2,(anonymous_6)
FNDA:0,(anonymous_7)
FNDA:0,(anonymous_8)
FNDA:3,(anonymous_9)
FNDA:2,(anonymous_10)
FNDA:2,(anonymous_11)
DA:1,8
DA:2,8
DA:3,8
DA:4,8
DA:12,8
DA:13,8
DA:14,8
DA:16,8
DA:17,1
DA:18,1
DA:20,8
DA:21,1
DA:22,1
DA:26,8
DA:27,0
DA:29,0
DA:30,0
DA:32,0
DA:38,0
DA:39,0
DA:41,0
DA:43,0
DA:46,0
DA:50,8
DA:54,0
DA:56,0
DA:57,0
DA:60,0
DA:62,0
DA:63,0
DA:67,0
DA:68,0
DA:70,0
DA:71,0
DA:75,0
DA:77,0
DA:78,0
DA:84,0
DA:86,0
DA:87,0
DA:90,0
DA:91,0
DA:93,0
DA:96,0
DA:97,0
DA:100,0
DA:101,0
DA:102,0
DA:110,0
DA:114,0
DA:115,0
DA:117,0
DA:120,0
DA:123,0
DA:127,8
DA:132,0
DA:133,0
DA:134,0
DA:137,0
DA:138,0
DA:139,0
DA:142,0
DA:143,0
DA:146,0
DA:148,0
DA:149,0
DA:150,0
DA:152,0
DA:153,0
DA:154,0
DA:155,0
DA:158,0
DA:161,0
DA:164,0
DA:165,0
DA:174,0
DA:176,0
DA:178,0
DA:182,8
DA:186,2
DA:188,2
DA:189,2
DA:190,0
DA:191,0
DA:195,2
DA:196,0
DA:198,2
DA:201,2
DA:202,0
DA:203,0
DA:206,2
DA:207,2
DA:208,2
DA:211,2
DA:219,2
DA:223,8
DA:226,0
DA:228,0
DA:229,0
DA:230,0
DA:231,0
DA:235,0
DA:238,8
DA:242,0
DA:243,0
DA:245,0
DA:247,0
DA:249,0
DA:250,0
DA:253,0
DA:254,0
DA:255,0
DA:259,0
DA:260,0
DA:261,0
DA:265,0
DA:266,0
DA:270,0
DA:271,0
DA:272,0
DA:273,0
DA:274,0
DA:275,0
DA:276,0
DA:284,8
DA:285,3
DA:288,8
DA:289,2
DA:292,8
DA:293,2
DA:294,2
DA:298,8
LF:132
LH:38
BRDA:16,0,0,1
BRDA:16,0,1,7
BRDA:20,1,0,1
BRDA:20,1,1,7
BRDA:56,2,0,0
BRDA:56,2,1,0
BRDA:75,3,0,0
BRDA:75,3,1,0
BRDA:87,4,0,0
BRDA:87,4,1,0
BRDA:133,5,0,0
BRDA:133,5,1,0
BRDA:139,6,0,0
BRDA:139,6,1,0
BRDA:152,7,0,0
BRDA:152,7,1,0
BRDA:184,8,0,2
BRDA:189,9,0,0
BRDA:189,9,1,2
BRDA:195,10,0,0
BRDA:195,10,1,2
BRDA:201,11,0,0
BRDA:201,11,1,2
BRDA:230,12,0,0
BRDA:230,12,1,0
BRDA:240,13,0,0
BRDA:242,14,0,0
BRDA:242,14,1,0
BRDA:242,15,0,0
BRDA:242,15,1,0
BRDA:245,16,0,0
BRDA:245,16,1,0
BRDA:254,17,0,0
BRDA:254,17,1,0
BRDA:259,18,0,0
BRDA:259,18,1,0
BRDA:274,19,0,0
BRDA:274,19,1,0
BRF:38
BRH:8
end_of_record
TN:
SF:src\services\reportService.ts
FN:9,(anonymous_1)
FN:26,(anonymous_2)
FN:38,(anonymous_3)
FN:50,(anonymous_4)
FN:61,(anonymous_5)
FN:74,(anonymous_6)
FN:84,(anonymous_7)
FN:111,(anonymous_8)
FN:172,(anonymous_9)
FN:231,(anonymous_10)
FN:242,(anonymous_11)
FNF:11
FNH:11
FNDA:36,(anonymous_1)
FNDA:15,(anonymous_2)
FNDA:9,(anonymous_3)
FNDA:6,(anonymous_4)
FNDA:3,(anonymous_5)
FNDA:6,(anonymous_6)
FNDA:9,(anonymous_7)
FNDA:3,(anonymous_8)
FNDA:24,(anonymous_9)
FNDA:5,(anonymous_10)
FNDA:5,(anonymous_11)
DA:1,5
DA:2,5
DA:4,5
DA:5,5
DA:9,5
DA:10,36
DA:17,36
DA:18,0
DA:22,36
DA:26,5
DA:27,15
DA:29,15
DA:30,12
DA:33,3
DA:38,5
DA:42,9
DA:47,9
DA:50,5
DA:51,6
DA:53,6
DA:54,2
DA:58,4
DA:61,5
DA:63,3
DA:65,2
DA:67,2
DA:68,1
DA:71,1
DA:74,5
DA:75,6
DA:77,5
DA:79,5
DA:81,4
DA:84,5
DA:90,9
DA:93,8
DA:94,8
DA:97,6
DA:98,1
DA:104,5
DA:105,5
DA:107,5
DA:108,3
DA:111,3
DA:112,3
DA:120,3
DA:124,3
DA:136,3
DA:145,3
DA:150,3
DA:153,3
DA:154,0
DA:161,5
DA:169,5
DA:172,5
DA:178,24
DA:179,1
DA:180,1
DA:183,23
DA:184,1
DA:187,22
DA:188,1
DA:191,21
DA:192,1
DA:195,20
DA:196,1
DA:199,19
DA:200,1
DA:204,18
DA:211,18
DA:216,18
DA:222,18
DA:223,18
DA:228,18
DA:231,5
DA:235,5
DA:237,4
DA:239,4
DA:242,5
DA:244,5
DA:246,5
DA:247,1
DA:250,4
DA:252,3
DA:254,3
DA:257,5
LF:86
LH:84
BRDA:12,0,0,36
BRDA:12,0,1,1
BRDA:17,1,0,0
BRDA:17,1,1,36
BRDA:29,2,0,12
BRDA:29,2,1,3
BRDA:53,3,0,2
BRDA:53,3,1,4
BRDA:67,4,0,1
BRDA:67,4,1,1
BRDA:75,5,0,1
BRDA:75,5,1,5
BRDA:79,6,0,1
BRDA:79,6,1,4
BRDA:94,7,0,2
BRDA:94,7,1,6
BRDA:97,8,0,1
BRDA:97,8,1,5
BRDA:107,9,0,3
BRDA:107,9,1,2
BRDA:108,10,0,3
BRDA:108,10,1,0
BRDA:146,11,0,3
BRDA:146,11,1,1
BRDA:146,11,2,1
BRDA:153,12,0,0
BRDA:153,12,1,3
BRDA:164,13,0,2
BRDA:164,13,1,3
BRDA:165,14,0,5
BRDA:165,14,1,2
BRDA:178,15,0,1
BRDA:178,15,1,23
BRDA:178,16,0,24
BRDA:178,16,1,24
BRDA:183,17,0,1
BRDA:183,17,1,22
BRDA:183,18,0,23
BRDA:183,18,1,23
BRDA:187,19,0,1
BRDA:187,19,1,21
BRDA:187,20,0,22
BRDA:187,20,1,21
BRDA:191,21,0,1
BRDA:191,21,1,20
BRDA:195,22,0,1
BRDA:195,22,1,19
BRDA:195,23,0,20
BRDA:195,23,1,20
BRDA:199,24,0,1
BRDA:199,24,1,18
BRDA:235,25,0,3
BRDA:235,25,1,2
BRDA:246,26,0,1
BRDA:246,26,1,4
BRDA:252,27,0,3
BRDA:252,27,1,1
BRF:57
BRH:54
end_of_record
TN:
SF:src\services\userService.ts
FN:8,(anonymous_1)
FN:42,(anonymous_2)
FN:75,(anonymous_3)
FN:79,(anonymous_4)
FN:83,(anonymous_5)
FN:91,(anonymous_6)
FN:95,(anonymous_7)
FN:99,(anonymous_8)
FNF:8
FNH:6
FNDA:0,(anonymous_1)
FNDA:35,(anonymous_2)
FNDA:1,(anonymous_3)
FNDA:3,(anonymous_4)
FNDA:2,(anonymous_5)
FNDA:4,(anonymous_6)
FNDA:4,(anonymous_7)
FNDA:0,(anonymous_8)
DA:1,6
DA:2,6
DA:3,6
DA:4,6
DA:5,6
DA:7,6
DA:16,0
DA:17,0
DA:18,0
DA:22,0
DA:23,0
DA:24,0
DA:28,0
DA:31,0
DA:39,0
DA:50,35
DA:51,35
DA:52,3
DA:55,32
DA:56,32
DA:57,2
DA:60,30
DA:62,30
DA:72,30
DA:76,1
DA:80,3
DA:84,2
DA:85,2
DA:86,1
DA:88,1
DA:92,4
DA:96,4
DA:105,0
DA:106,0
DA:107,0
DA:111,0
DA:112,0
DA:115,0
DA:122,0
LF:39
LH:23
BRDA:17,0,0,0
BRDA:17,0,1,0
BRDA:23,1,0,0
BRDA:23,1,1,0
BRDA:51,2,0,3
BRDA:51,2,1,32
BRDA:56,3,0,2
BRDA:56,3,1,30
BRDA:85,4,0,1
BRDA:85,4,1,1
BRDA:106,5,0,0
BRDA:106,5,1,0
BRDA:111,6,0,0
BRDA:111,6,1,0
BRF:14
BRH:6
end_of_record
