TN:
SF:src\utils.ts
FN:8,removeNullAttributes
FN:11,(anonymous_1)
FN:16,findOrThrowNotFound
FN:28,throwConflictIfFound
FN:38,throwBadRequestIfMissing
FN:55,check_var_invalid
FN:68,throwBadRequestIfMissingObject
FN:71,(anonymous_7)
FN:72,(anonymous_8)
FN:85,buildParamsObject
FNF:10
FNH:8
FNDA:79,removeNullAttributes
FNDA:541,(anonymous_1)
FNDA:0,findOrThrowNotFound
FNDA:0,throwConflictIfFound
FNDA:84,throwBadRequestIfMissing
FNDA:818,check_var_invalid
FNDA:84,throwBadRequestIfMissingObject
FNDA:257,(anonymous_7)
FNDA:10,(anonymous_8)
FNDA:8,buildParamsObject
DA:2,8
DA:3,8
DA:4,8
DA:6,8
DA:8,8
DA:9,79
DA:11,541
DA:16,8
DA:21,0
DA:22,0
DA:23,0
DA:25,0
DA:28,8
DA:33,0
DA:34,0
DA:38,8
DA:43,84
DA:44,84
DA:45,10
DA:46,10
DA:55,8
DA:56,818
DA:68,8
DA:69,84
DA:71,257
DA:72,10
DA:85,8
DA:89,8
DA:91,8
DA:92,20
DA:93,12
DA:97,8
LF:32
LH:26
BRDA:22,0,0,0
BRDA:22,0,1,0
BRDA:33,1,0,0
BRDA:33,1,1,0
BRDA:44,2,0,10
BRDA:44,2,1,74
BRDA:57,3,0,818
BRDA:57,3,1,655
BRDA:57,3,2,655
BRDA:57,3,3,513
BRDA:57,3,4,655
BRDA:57,3,5,2
BRDA:92,4,0,12
BRDA:92,4,1,8
BRF:14
BRH:10
end_of_record
TN:
SF:src\controllers\authController.ts
FN:21,(anonymous_1)
FN:53,(anonymous_2)
FN:73,(anonymous_3)
FN:85,(anonymous_4)
FN:149,(anonymous_5)
FN:212,(anonymous_6)
FNF:6
FNH:6
FNDA:5,(anonymous_1)
FNDA:3,(anonymous_2)
FNDA:2,(anonymous_3)
FNDA:8,(anonymous_4)
FNDA:9,(anonymous_5)
FNDA:6,(anonymous_6)
DA:2,3
DA:3,3
DA:4,3
DA:5,3
DA:6,3
DA:7,3
DA:8,3
DA:9,3
DA:10,3
DA:11,3
DA:13,3
DA:20,3
DA:22,5
DA:23,5
DA:26,5
DA:28,3
DA:34,1
DA:35,1
DA:37,1
DA:39,4
DA:40,3
DA:46,1
DA:54,3
DA:55,3
DA:57,3
DA:58,2
DA:59,1
DA:64,1
DA:66,1
DA:74,2
DA:75,2
DA:76,1
DA:81,1
DA:82,1
DA:86,8
DA:87,8
DA:89,8
DA:97,6
DA:101,6
DA:102,2
DA:108,4
DA:109,4
DA:110,1
DA:116,3
DA:118,3
DA:126,2
DA:133,1
DA:135,1
DA:141,4
DA:142,4
DA:150,9
DA:151,9
DA:153,9
DA:155,7
DA:156,6
DA:157,3
DA:158,3
DA:159,1
DA:164,2
DA:170,3
DA:171,2
DA:172,1
DA:178,1
DA:188,1
DA:194,1
DA:196,1
DA:198,1
DA:204,4
DA:205,4
DA:213,6
DA:214,6
DA:216,6
DA:218,5
DA:219,4
DA:220,1
DA:226,3
DA:234,2
DA:241,1
DA:243,1
DA:248,4
DA:249,4
LF:81
LH:81
BRDA:23,0,0,5
BRDA:23,0,1,1
BRDA:39,1,0,3
BRDA:39,1,1,1
BRDA:42,2,0,3
BRDA:42,2,1,0
BRDA:48,3,0,1
BRDA:48,3,1,0
BRDA:58,4,0,1
BRDA:58,4,1,1
BRDA:75,5,0,1
BRDA:75,5,1,1
BRDA:87,6,0,8
BRDA:87,6,1,0
BRDA:101,7,0,2
BRDA:101,7,1,4
BRDA:104,8,0,1
BRDA:104,8,1,1
BRDA:109,9,0,1
BRDA:109,9,1,3
BRDA:144,10,0,4
BRDA:144,10,1,0
BRDA:151,11,0,9
BRDA:151,11,1,0
BRDA:156,12,0,3
BRDA:156,12,1,3
BRDA:158,13,0,1
BRDA:158,13,1,2
BRDA:158,14,0,3
BRDA:158,14,1,1
BRDA:171,15,0,1
BRDA:171,15,1,1
BRDA:207,16,0,4
BRDA:207,16,1,0
BRDA:214,17,0,6
BRDA:214,17,1,0
BRDA:219,18,0,1
BRDA:219,18,1,3
BRDA:251,19,0,4
BRDA:251,19,1,0
BRF:40
BRH:32
end_of_record
TN:
SF:src\controllers\reportController.ts
FN:21,(anonymous_1)
FN:84,(anonymous_2)
FN:113,(anonymous_3)
FN:132,(anonymous_4)
FN:204,(anonymous_5)
FN:245,(anonymous_6)
FN:273,(anonymous_7)
FN:322,(anonymous_8)
FN:340,(anonymous_9)
FN:370,(anonymous_10)
FN:414,(anonymous_11)
FN:485,(anonymous_12)
FN:530,(anonymous_13)
FNF:13
FNH:13
FNDA:13,(anonymous_1)
FNDA:4,(anonymous_2)
FNDA:4,(anonymous_3)
FNDA:11,(anonymous_4)
FNDA:9,(anonymous_5)
FNDA:3,(anonymous_6)
FNDA:5,(anonymous_7)
FNDA:2,(anonymous_8)
FNDA:4,(anonymous_9)
FNDA:5,(anonymous_10)
FNDA:10,(anonymous_11)
FNDA:7,(anonymous_12)
FNDA:7,(anonymous_13)
DA:2,1
DA:3,1
DA:4,1
DA:7,1
DA:21,1
DA:22,13
DA:23,13
DA:30,13
DA:31,1
DA:38,12
DA:39,4
DA:40,2
DA:46,2
DA:49,2
DA:50,1
DA:54,8
DA:59,6
DA:60,1
DA:66,5
DA:67,2
DA:70,2
DA:76,7
DA:77,5
DA:79,2
DA:80,2
DA:84,1
DA:85,4
DA:86,4
DA:87,4
DA:89,4
DA:90,1
DA:93,3
DA:95,2
DA:96,1
DA:99,1
DA:102,1
DA:103,1
DA:104,1
DA:105,1
DA:106,1
DA:107,1
DA:109,1
DA:113,1
DA:114,4
DA:115,4
DA:116,4
DA:118,2
DA:121,2
DA:122,2
DA:123,2
DA:124,2
DA:125,2
DA:126,2
DA:128,2
DA:132,1
DA:133,11
DA:134,11
DA:135,11
DA:136,11
DA:137,11
DA:140,11
DA:141,11
DA:143,11
DA:144,11
DA:147,11
DA:148,1
DA:154,10
DA:158,1
DA:164,9
DA:168,2
DA:174,7
DA:176,1
DA:183,6
DA:190,4
DA:193,3
DA:194,3
DA:195,3
DA:196,3
DA:197,2
DA:198,2
DA:200,3
DA:204,1
DA:205,9
DA:207,9
DA:208,9
DA:211,9
DA:212,1
DA:217,8
DA:218,1
DA:221,7
DA:222,1
DA:225,6
DA:226,1
DA:229,5
DA:230,1
DA:236,4
DA:237,1
DA:240,3
DA:241,1
DA:244,2
DA:245,3
DA:252,2
DA:265,1
DA:268,1
DA:269,1
DA:273,1
DA:277,5
DA:278,5
DA:279,1
DA:285,4
DA:286,4
DA:287,1
DA:293,3
DA:294,1
DA:301,2
DA:303,2
DA:308,1
DA:311,1
DA:312,1
DA:313,1
DA:314,1
DA:315,1
DA:316,1
DA:318,1
DA:322,1
DA:323,2
DA:324,2
DA:325,2
DA:326,1
DA:329,1
DA:330,1
DA:331,1
DA:332,1
DA:333,1
DA:334,1
DA:336,1
DA:340,1
DA:344,4
DA:345,4
DA:346,4
DA:348,4
DA:349,1
DA:356,3
DA:358,1
DA:361,2
DA:365,2
DA:366,2
DA:370,1
DA:374,5
DA:375,5
DA:376,1
DA:382,4
DA:383,4
DA:384,1
DA:390,3
DA:391,1
DA:398,2
DA:402,1
DA:405,1
DA:409,1
DA:410,1
DA:414,1
DA:415,10
DA:416,10
DA:417,1
DA:423,9
DA:424,9
DA:425,1
DA:431,8
DA:432,1
DA:439,7
DA:443,7
DA:450,3
DA:451,1
DA:457,2
DA:460,4
DA:465,4
DA:466,1
DA:472,3
DA:473,1
DA:480,2
DA:481,2
DA:485,1
DA:486,7
DA:487,7
DA:488,1
DA:494,6
DA:495,1
DA:501,5
DA:502,5
DA:503,1
DA:509,4
DA:511,2
DA:512,1
DA:518,1
DA:521,2
DA:525,2
DA:526,2
DA:530,1
DA:531,7
DA:532,7
DA:533,1
DA:539,6
DA:540,1
DA:546,5
DA:547,5
DA:548,1
DA:554,4
DA:556,2
DA:557,1
DA:563,1
DA:566,2
DA:570,2
DA:571,2
LF:214
LH:214
BRDA:30,0,0,1
BRDA:30,0,1,12
BRDA:38,1,0,4
BRDA:38,1,1,8
BRDA:39,2,0,2
BRDA:39,2,1,2
BRDA:39,3,0,4
BRDA:39,3,1,3
BRDA:49,4,0,1
BRDA:49,4,1,1
BRDA:54,5,0,6
BRDA:54,5,1,2
BRDA:55,6,0,8
BRDA:55,6,1,3
BRDA:59,7,0,1
BRDA:59,7,1,5
BRDA:59,8,0,6
BRDA:59,8,1,3
BRDA:66,9,0,2
BRDA:66,9,1,3
BRDA:89,10,0,1
BRDA:89,10,1,3
BRDA:95,11,0,1
BRDA:95,11,1,1
BRDA:102,12,0,1
BRDA:102,12,1,0
BRDA:104,13,0,1
BRDA:104,13,1,0
BRDA:105,14,0,0
BRDA:105,14,1,1
BRDA:106,15,0,0
BRDA:106,15,1,1
BRDA:107,16,0,0
BRDA:107,16,1,1
BRDA:121,17,0,2
BRDA:121,17,1,0
BRDA:123,18,0,2
BRDA:123,18,1,0
BRDA:124,19,0,0
BRDA:124,19,1,2
BRDA:125,20,0,0
BRDA:125,20,1,2
BRDA:126,21,0,0
BRDA:126,21,1,2
BRDA:136,22,0,11
BRDA:136,22,1,10
BRDA:147,23,0,1
BRDA:147,23,1,10
BRDA:147,24,0,11
BRDA:147,24,1,1
BRDA:154,25,0,1
BRDA:154,25,1,9
BRDA:155,26,0,10
BRDA:155,26,1,2
BRDA:164,27,0,2
BRDA:164,27,1,7
BRDA:165,28,0,9
BRDA:165,28,1,3
BRDA:165,28,2,1
BRDA:174,29,0,1
BRDA:174,29,1,6
BRDA:193,30,0,3
BRDA:193,30,1,0
BRDA:195,31,0,3
BRDA:195,31,1,0
BRDA:196,32,0,1
BRDA:196,32,1,2
BRDA:197,33,0,0
BRDA:197,33,1,2
BRDA:198,34,0,0
BRDA:198,34,1,2
BRDA:211,35,0,1
BRDA:211,35,1,8
BRDA:211,36,0,9
BRDA:211,36,1,8
BRDA:217,37,0,1
BRDA:217,37,1,7
BRDA:217,38,0,8
BRDA:217,38,1,8
BRDA:221,39,0,1
BRDA:221,39,1,6
BRDA:221,40,0,7
BRDA:221,40,1,6
BRDA:225,41,0,1
BRDA:225,41,1,5
BRDA:229,42,0,1
BRDA:229,42,1,4
BRDA:236,43,0,1
BRDA:236,43,1,3
BRDA:236,44,0,4
BRDA:236,44,1,4
BRDA:240,45,0,1
BRDA:240,45,1,2
BRDA:258,46,0,2
BRDA:258,46,1,2
BRDA:278,47,0,1
BRDA:278,47,1,4
BRDA:286,48,0,1
BRDA:286,48,1,3
BRDA:286,49,0,4
BRDA:286,49,1,3
BRDA:293,50,0,1
BRDA:293,50,1,2
BRDA:301,51,0,1
BRDA:301,51,1,1
BRDA:311,52,0,1
BRDA:311,52,1,0
BRDA:313,53,0,1
BRDA:313,53,1,0
BRDA:314,54,0,0
BRDA:314,54,1,1
BRDA:315,55,0,0
BRDA:315,55,1,1
BRDA:316,56,0,0
BRDA:316,56,1,1
BRDA:329,57,0,1
BRDA:329,57,1,0
BRDA:331,58,0,1
BRDA:331,58,1,0
BRDA:332,59,0,0
BRDA:332,59,1,1
BRDA:333,60,0,0
BRDA:333,60,1,1
BRDA:334,61,0,0
BRDA:334,61,1,1
BRDA:345,62,0,4
BRDA:345,62,1,0
BRDA:348,63,0,1
BRDA:348,63,1,3
BRDA:361,64,0,2
BRDA:361,64,1,0
BRDA:365,65,0,1
BRDA:365,65,1,1
BRDA:365,66,0,2
BRDA:365,66,1,2
BRDA:375,67,0,1
BRDA:375,67,1,4
BRDA:383,68,0,1
BRDA:383,68,1,3
BRDA:383,69,0,4
BRDA:383,69,1,3
BRDA:390,70,0,1
BRDA:390,70,1,2
BRDA:405,71,0,1
BRDA:405,71,1,0
BRDA:409,72,0,0
BRDA:409,72,1,1
BRDA:409,73,0,1
BRDA:409,73,1,1
BRDA:416,74,0,1
BRDA:416,74,1,9
BRDA:424,75,0,1
BRDA:424,75,1,8
BRDA:431,76,0,1
BRDA:431,76,1,7
BRDA:431,77,0,8
BRDA:431,77,1,7
BRDA:439,78,0,6
BRDA:439,78,1,1
BRDA:450,79,0,1
BRDA:450,79,1,2
BRDA:460,80,0,4
BRDA:460,80,1,0
BRDA:465,81,0,1
BRDA:465,81,1,3
BRDA:465,82,0,4
BRDA:465,82,1,4
BRDA:472,83,0,1
BRDA:472,83,1,2
BRDA:472,84,0,3
BRDA:472,84,1,3
BRDA:480,85,0,1
BRDA:480,85,1,1
BRDA:480,86,0,2
BRDA:480,86,1,2
BRDA:487,87,0,1
BRDA:487,87,1,6
BRDA:494,88,0,1
BRDA:494,88,1,5
BRDA:502,89,0,1
BRDA:502,89,1,4
BRDA:511,90,0,1
BRDA:511,90,1,1
BRDA:521,91,0,2
BRDA:521,91,1,0
BRDA:525,92,0,1
BRDA:525,92,1,1
BRDA:525,93,0,2
BRDA:525,93,1,2
BRDA:532,94,0,1
BRDA:532,94,1,6
BRDA:539,95,0,1
BRDA:539,95,1,5
BRDA:547,96,0,1
BRDA:547,96,1,4
BRDA:556,97,0,1
BRDA:556,97,1,1
BRDA:566,98,0,2
BRDA:566,98,1,0
BRDA:570,99,0,1
BRDA:570,99,1,1
BRDA:570,100,0,2
BRDA:570,100,1,2
BRF:203
BRH:172
end_of_record
TN:
SF:src\controllers\userController.ts
FN:12,(anonymous_1)
FN:24,(anonymous_2)
FN:69,(anonymous_3)
FN:120,(anonymous_4)
FN:182,(anonymous_5)
FN:194,(anonymous_6)
FN:235,(anonymous_7)
FN:276,(anonymous_8)
FN:288,(anonymous_9)
FN:300,(anonymous_10)
FN:312,(anonymous_11)
FNF:11
FNH:11
FNDA:6,(anonymous_1)
FNDA:5,(anonymous_2)
FNDA:10,(anonymous_3)
FNDA:6,(anonymous_4)
FNDA:2,(anonymous_5)
FNDA:5,(anonymous_6)
FNDA:10,(anonymous_7)
FNDA:5,(anonymous_8)
FNDA:5,(anonymous_9)
FNDA:2,(anonymous_10)
FNDA:8,(anonymous_11)
DA:2,2
DA:3,2
DA:4,2
DA:5,2
DA:6,2
DA:7,2
DA:8,2
DA:9,2
DA:10,2
DA:12,2
DA:13,6
DA:14,6
DA:18,6
DA:23,2
DA:25,5
DA:26,5
DA:28,5
DA:36,4
DA:43,1
DA:49,1
DA:50,1
DA:52,1
DA:54,4
DA:58,2
DA:62,2
DA:70,10
DA:78,10
DA:80,10
DA:89,8
DA:96,2
DA:98,8
DA:99,3
DA:105,5
DA:109,3
DA:113,2
DA:121,6
DA:130,6
DA:132,6
DA:142,6
DA:144,6
DA:145,2
DA:152,4
DA:158,1
DA:160,3
DA:161,0
DA:167,3
DA:171,2
DA:175,1
DA:183,2
DA:184,2
DA:185,1
DA:187,1
DA:195,5
DA:196,5
DA:197,5
DA:199,5
DA:201,5
DA:202,1
DA:207,4
DA:209,1
DA:210,0
DA:213,1
DA:215,3
DA:216,1
DA:221,2
DA:222,1
DA:228,1
DA:236,10
DA:237,10
DA:238,10
DA:240,10
DA:242,10
DA:243,2
DA:248,8
DA:249,2
DA:251,6
DA:252,1
DA:258,5
DA:259,2
DA:264,3
DA:265,1
DA:269,2
DA:277,5
DA:278,5
DA:279,3
DA:281,2
DA:289,5
DA:290,5
DA:291,3
DA:293,2
DA:301,2
DA:302,2
DA:303,1
DA:305,1
DA:313,8
DA:314,8
DA:316,8
DA:317,1
DA:323,7
DA:324,7
DA:326,7
DA:327,1
DA:333,6
DA:334,2
DA:341,2
DA:345,6
DA:346,6
DA:347,3
DA:351,6
DA:358,5
DA:360,1
LF:111
LH:109
BRDA:13,0,0,0
BRDA:13,0,1,6
BRDA:13,1,0,6
BRDA:13,1,1,6
BRDA:18,2,0,4
BRDA:18,2,1,2
BRDA:26,3,0,5
BRDA:26,3,1,0
BRDA:54,4,0,2
BRDA:54,4,1,2
BRDA:55,5,0,4
BRDA:55,5,1,3
BRDA:64,6,0,2
BRDA:64,6,1,0
BRDA:78,7,0,10
BRDA:78,7,1,0
BRDA:98,8,0,3
BRDA:98,8,1,5
BRDA:101,9,0,3
BRDA:101,9,1,0
BRDA:105,10,0,3
BRDA:105,10,1,2
BRDA:106,11,0,5
BRDA:106,11,1,3
BRDA:115,12,0,2
BRDA:115,12,1,0
BRDA:130,13,0,6
BRDA:130,13,1,0
BRDA:144,14,0,2
BRDA:144,14,1,4
BRDA:160,15,0,0
BRDA:160,15,1,3
BRDA:163,16,0,0
BRDA:163,16,1,0
BRDA:167,17,0,2
BRDA:167,17,1,1
BRDA:168,18,0,3
BRDA:168,18,1,2
BRDA:177,19,0,1
BRDA:177,19,1,0
BRDA:189,20,0,1
BRDA:189,20,1,0
BRDA:201,21,0,1
BRDA:201,21,1,4
BRDA:209,22,0,0
BRDA:209,22,1,1
BRDA:215,23,0,1
BRDA:215,23,1,2
BRDA:221,24,0,1
BRDA:221,24,1,1
BRDA:224,25,0,1
BRDA:224,25,1,0
BRDA:230,26,0,1
BRDA:230,26,1,0
BRDA:242,27,0,2
BRDA:242,27,1,8
BRDA:251,28,0,1
BRDA:251,28,1,5
BRDA:254,29,0,1
BRDA:254,29,1,0
BRDA:258,30,0,2
BRDA:258,30,1,3
BRDA:264,31,0,1
BRDA:264,31,1,2
BRDA:271,32,0,2
BRDA:271,32,1,0
BRDA:283,33,0,2
BRDA:283,33,1,0
BRDA:295,34,0,2
BRDA:295,34,1,0
BRDA:307,35,0,1
BRDA:307,35,1,0
BRDA:316,36,0,1
BRDA:316,36,1,7
BRDA:323,37,0,7
BRDA:323,37,1,0
BRDA:326,38,0,1
BRDA:326,38,1,6
BRDA:326,39,0,7
BRDA:326,39,1,5
BRDA:326,39,2,3
BRDA:333,40,0,2
BRDA:333,40,1,4
BRDA:346,41,0,3
BRDA:346,41,1,3
BRDA:348,42,0,3
BRDA:348,42,1,2
BRDA:362,43,0,1
BRDA:362,43,1,0
BRF:89
BRH:67
end_of_record
TN:
SF:src\middlewares\roleMiddleware.ts
FN:4,(anonymous_0)
FN:22,(anonymous_1)
FN:44,(anonymous_2)
FN:66,(anonymous_3)
FN:88,(anonymous_4)
FN:114,(anonymous_5)
FN:132,(anonymous_6)
FN:133,(anonymous_7)
FNF:8
FNH:8
FNDA:3,(anonymous_0)
FNDA:4,(anonymous_1)
FNDA:4,(anonymous_2)
FNDA:3,(anonymous_3)
FNDA:5,(anonymous_4)
FNDA:4,(anonymous_5)
FNDA:4,(anonymous_6)
FNDA:4,(anonymous_7)
DA:1,1
DA:4,1
DA:5,3
DA:6,1
DA:12,2
DA:13,1
DA:19,1
DA:22,1
DA:27,4
DA:28,1
DA:34,3
DA:35,1
DA:41,2
DA:44,1
DA:49,4
DA:50,1
DA:56,3
DA:57,2
DA:63,1
DA:66,1
DA:71,3
DA:72,1
DA:78,2
DA:79,1
DA:85,1
DA:88,1
DA:93,5
DA:94,1
DA:100,4
DA:104,2
DA:111,2
DA:114,1
DA:115,4
DA:116,1
DA:122,3
DA:123,1
DA:129,2
DA:132,1
DA:133,4
DA:134,4
DA:135,1
DA:141,3
DA:142,1
DA:148,2
DA:149,1
DA:155,1
LF:46
LH:46
BRDA:5,0,0,1
BRDA:5,0,1,2
BRDA:12,1,0,1
BRDA:12,1,1,1
BRDA:27,2,0,1
BRDA:27,2,1,3
BRDA:34,3,0,1
BRDA:34,3,1,2
BRDA:34,4,0,3
BRDA:34,4,1,2
BRDA:49,5,0,1
BRDA:49,5,1,3
BRDA:56,6,0,2
BRDA:56,6,1,1
BRDA:71,7,0,1
BRDA:71,7,1,2
BRDA:78,8,0,1
BRDA:78,8,1,1
BRDA:93,9,0,1
BRDA:93,9,1,4
BRDA:100,10,0,2
BRDA:100,10,1,2
BRDA:101,11,0,4
BRDA:101,11,1,3
BRDA:115,12,0,1
BRDA:115,12,1,3
BRDA:122,13,0,1
BRDA:122,13,1,2
BRDA:122,14,0,3
BRDA:122,14,1,2
BRDA:134,15,0,1
BRDA:134,15,1,3
BRDA:141,16,0,1
BRDA:141,16,1,2
BRDA:148,17,0,1
BRDA:148,17,1,1
BRF:36
BRH:36
end_of_record
TN:
SF:src\repositories\reportRepository.ts
FN:16,(anonymous_0)
FN:77,(anonymous_1)
FN:101,(anonymous_2)
FN:126,(anonymous_3)
FN:151,(anonymous_4)
FN:164,(anonymous_5)
FN:195,(anonymous_6)
FN:201,(anonymous_7)
FN:218,(anonymous_8)
FN:224,(anonymous_9)
FN:235,(anonymous_10)
FN:242,(anonymous_11)
FN:253,(anonymous_12)
FN:264,(anonymous_13)
FN:277,(anonymous_14)
FNF:15
FNH:15
FNDA:4,(anonymous_0)
FNDA:2,(anonymous_1)
FNDA:4,(anonymous_2)
FNDA:2,(anonymous_3)
FNDA:2,(anonymous_4)
FNDA:3,(anonymous_5)
FNDA:1,(anonymous_6)
FNDA:2,(anonymous_7)
FNDA:2,(anonymous_8)
FNDA:1,(anonymous_9)
FNDA:1,(anonymous_10)
FNDA:1,(anonymous_11)
FNDA:1,(anonymous_12)
FNDA:1,(anonymous_13)
FNDA:1,(anonymous_14)
DA:1,1
DA:16,1
DA:18,4
DA:19,1
DA:51,3
DA:77,1
DA:78,2
DA:101,1
DA:102,4
DA:115,4
DA:116,2
DA:121,4
DA:126,1
DA:127,2
DA:151,1
DA:155,2
DA:164,1
DA:168,3
DA:195,1
DA:196,1
DA:201,1
DA:212,2
DA:218,1
DA:219,2
DA:224,1
DA:225,1
DA:235,1
DA:236,1
DA:242,1
DA:243,1
DA:253,1
DA:254,1
DA:264,1
DA:265,1
DA:277,1
DA:278,1
DA:290,1
LF:37
LH:37
BRDA:18,0,0,1
BRDA:18,0,1,3
BRDA:52,1,0,1
BRDA:52,1,1,2
BRDA:111,2,0,4
BRDA:111,2,1,4
BRDA:115,3,0,2
BRDA:115,3,1,2
BRDA:171,4,0,1
BRDA:171,4,1,2
BRF:10
BRH:10
end_of_record
TN:
SF:src\repositories\roleRepository.ts
FN:4,(anonymous_0)
FN:12,(anonymous_1)
FN:16,(anonymous_2)
FN:22,(anonymous_3)
FN:28,(anonymous_4)
FNF:5
FNH:5
FNDA:1,(anonymous_0)
FNDA:1,(anonymous_1)
FNDA:2,(anonymous_2)
FNDA:2,(anonymous_3)
FNDA:2,(anonymous_4)
DA:1,1
DA:3,1
DA:5,1
DA:13,1
DA:17,2
DA:23,2
DA:30,2
LF:7
LH:7
BRF:0
BRH:0
end_of_record
TN:
SF:src\repositories\userRepository.ts
FN:43,(anonymous_0)
FN:50,(anonymous_1)
FN:64,(anonymous_2)
FN:90,(anonymous_3)
FN:104,(anonymous_4)
FN:118,(anonymous_5)
FN:132,(anonymous_6)
FN:137,(anonymous_7)
FN:140,(anonymous_8)
FN:150,(anonymous_9)
FN:155,(anonymous_10)
FN:158,(anonymous_11)
FN:186,(anonymous_12)
FN:205,(anonymous_13)
FN:216,(anonymous_14)
FNF:15
FNH:15
FNDA:18,(anonymous_0)
FNDA:14,(anonymous_1)
FNDA:3,(anonymous_2)
FNDA:2,(anonymous_3)
FNDA:2,(anonymous_4)
FNDA:2,(anonymous_5)
FNDA:2,(anonymous_6)
FNDA:2,(anonymous_7)
FNDA:1,(anonymous_8)
FNDA:4,(anonymous_9)
FNDA:6,(anonymous_10)
FNDA:5,(anonymous_11)
FNDA:2,(anonymous_12)
FNDA:3,(anonymous_13)
FNDA:2,(anonymous_14)
DA:1,4
DA:2,4
DA:3,4
DA:4,4
DA:7,4
DA:17,4
DA:43,4
DA:44,18
DA:45,18
DA:46,18
DA:50,4
DA:51,14
DA:53,8
DA:55,1
DA:57,3
DA:59,2
DA:63,4
DA:71,3
DA:75,3
DA:77,3
DA:87,3
DA:94,2
DA:96,2
DA:101,2
DA:108,2
DA:110,2
DA:115,2
DA:122,2
DA:124,2
DA:129,2
DA:133,2
DA:137,2
DA:141,1
DA:143,1
DA:147,1
DA:151,4
DA:155,6
DA:164,5
DA:168,5
DA:170,5
DA:171,5
DA:172,3
DA:174,5
DA:175,2
DA:177,5
DA:178,2
DA:180,5
DA:187,2
DA:189,2
DA:202,2
DA:206,3
DA:208,3
DA:216,2
LF:53
LH:53
BRDA:43,0,0,14
BRDA:44,1,0,18
BRDA:44,1,1,0
BRDA:45,2,0,4
BRDA:45,2,1,14
BRDA:51,3,0,8
BRDA:51,3,1,1
BRDA:51,3,2,3
BRDA:51,3,3,2
BRDA:68,4,0,1
BRDA:69,5,0,1
BRDA:92,6,0,2
BRDA:106,7,0,2
BRDA:120,8,0,2
BRDA:140,9,0,1
BRDA:171,10,0,3
BRDA:171,10,1,2
BRDA:174,11,0,2
BRDA:174,11,1,3
BRDA:177,12,0,2
BRDA:177,12,1,3
BRDA:202,13,0,1
BRDA:202,13,1,1
BRF:23
BRH:22
end_of_record
TN:
SF:src\routes\authRouter.ts
FNF:0
FNH:0
DA:1,1
DA:2,1
DA:4,1
DA:7,1
DA:10,1
DA:13,1
DA:16,1
DA:19,1
DA:22,1
DA:24,1
LF:10
LH:10
BRF:0
BRH:0
end_of_record
TN:
SF:src\routes\reportRouter.ts
FNF:0
FNH:0
DA:1,1
DA:2,1
DA:14,1
DA:15,1
DA:21,1
DA:23,1
DA:26,1
DA:35,1
DA:38,1
DA:41,1
DA:43,1
DA:50,1
DA:58,1
DA:69,1
DA:76,1
DA:78,1
DA:80,1
LF:17
LH:17
BRF:0
BRH:0
end_of_record
TN:
SF:src\routes\userRouter.ts
FNF:0
FNH:0
DA:1,2
DA:2,2
DA:3,2
DA:4,2
DA:5,2
DA:7,2
DA:10,2
DA:18,2
DA:26,2
DA:34,2
DA:42,2
DA:50,2
DA:53,2
DA:62,2
DA:65,2
DA:68,2
DA:70,2
LF:17
LH:17
BRF:0
BRH:0
end_of_record
TN:
SF:src\services\authService.ts
FN:18,(anonymous_1)
FN:68,(anonymous_2)
FNF:2
FNH:2
FNDA:8,(anonymous_1)
FNDA:5,(anonymous_2)
DA:1,2
DA:2,2
DA:3,2
DA:4,2
DA:6,2
DA:7,2
DA:10,2
DA:17,2
DA:19,8
DA:20,8
DA:22,8
DA:24,3
DA:27,3
DA:30,5
DA:31,9
DA:34,9
DA:35,4
DA:36,4
DA:41,8
DA:42,2
DA:45,6
DA:47,6
DA:48,1
DA:52,5
DA:54,5
DA:55,1
DA:58,4
DA:65,4
DA:69,5
DA:70,1
DA:73,4
DA:74,4
DA:75,3
DA:78,2
DA:80,2
DA:81,2
LF:36
LH:36
BRDA:22,0,0,3
BRDA:22,0,1,5
BRDA:25,1,0,3
BRDA:25,1,1,1
BRDA:32,2,0,9
BRDA:32,2,1,6
BRDA:34,3,0,4
BRDA:34,3,1,5
BRDA:41,4,0,2
BRDA:41,4,1,6
BRDA:41,5,0,8
BRDA:41,5,1,6
BRDA:41,5,2,6
BRDA:47,6,0,1
BRDA:47,6,1,5
BRDA:54,7,0,1
BRDA:54,7,1,4
BRDA:69,8,0,1
BRDA:69,8,1,4
BRDA:78,9,0,1
BRDA:78,9,1,1
BRF:21
BRH:21
end_of_record
TN:
SF:src\services\emailService.ts
FN:14,(anonymous_1)
FNF:1
FNH:1
FNDA:26,(anonymous_1)
DA:1,3
DA:2,3
DA:3,3
DA:5,3
DA:14,3
DA:17,26
DA:19,26
DA:20,26
DA:70,24
DA:71,2
DA:72,2
DA:75,22
DA:76,22
DA:78,4
DA:79,4
DA:83,3
LF:16
LH:16
BRDA:53,0,0,3
BRDA:53,0,1,23
BRDA:70,1,0,2
BRDA:70,1,1,22
BRF:4
BRH:4
end_of_record
TN:
SF:src\services\emailVerificationService.ts
FN:7,(anonymous_1)
FN:15,(anonymous_2)
FN:19,(anonymous_3)
FN:23,(anonymous_4)
FN:61,(anonymous_5)
FN:69,(anonymous_6)
FN:104,(anonymous_7)
FN:118,(anonymous_8)
FNF:8
FNH:8
FNDA:18,(anonymous_1)
FNDA:2,(anonymous_2)
FNDA:3,(anonymous_3)
FNDA:7,(anonymous_4)
FNDA:23,(anonymous_5)
FNDA:11,(anonymous_6)
FNDA:4,(anonymous_7)
FNDA:5,(anonymous_8)
DA:1,3
DA:2,3
DA:3,3
DA:4,3
DA:6,3
DA:8,18
DA:9,18
DA:10,108
DA:12,18
DA:16,2
DA:20,3
DA:30,7
DA:31,7
DA:33,7
DA:34,7
DA:36,7
DA:40,7
DA:53,7
DA:55,7
DA:62,23
DA:70,11
DA:72,11
DA:73,1
DA:74,1
DA:77,10
DA:78,2
DA:79,2
DA:80,2
DA:83,8
DA:84,2
DA:85,2
DA:86,2
DA:89,6
DA:91,6
DA:92,3
DA:96,3
DA:97,3
DA:100,3
DA:101,3
DA:105,4
DA:107,4
DA:108,1
DA:111,3
DA:115,3
DA:119,5
DA:121,5
DA:122,1
DA:123,1
DA:126,4
DA:127,4
DA:128,1
DA:129,1
DA:132,3
LF:53
LH:53
BRDA:72,0,0,1
BRDA:72,0,1,10
BRDA:77,1,0,2
BRDA:77,1,1,8
BRDA:83,2,0,2
BRDA:83,2,1,6
BRDA:91,3,0,3
BRDA:91,3,1,3
BRDA:107,4,0,1
BRDA:107,4,1,3
BRDA:121,5,0,1
BRDA:121,5,1,4
BRDA:127,6,0,1
BRDA:127,6,1,3
BRF:14
BRH:14
end_of_record
TN:
SF:src\services\errorService.ts
FN:5,createAppError
FNF:1
FNH:1
FNDA:5,createAppError
DA:1,1
DA:2,1
DA:3,1
DA:5,1
DA:6,5
DA:12,5
DA:13,5
DA:19,5
DA:23,3
DA:26,5
LF:10
LH:10
BRDA:9,0,0,5
BRDA:9,0,1,1
BRDA:15,1,0,5
BRDA:15,1,1,3
BRDA:19,2,0,3
BRDA:19,2,1,2
BRDA:20,3,0,5
BRDA:20,3,1,4
BRDA:20,3,2,2
BRF:9
BRH:9
end_of_record
TN:
SF:src\services\imageService.ts
FN:26,(anonymous_1)
FN:56,(anonymous_2)
FN:133,(anonymous_3)
FN:154,(anonymous_4)
FN:155,(anonymous_5)
FN:188,(anonymous_6)
FN:229,(anonymous_7)
FN:244,(anonymous_8)
FN:291,(anonymous_9)
FN:295,(anonymous_10)
FN:299,(anonymous_11)
FNF:11
FNH:11
FNDA:3,(anonymous_1)
FNDA:5,(anonymous_2)
FNDA:4,(anonymous_3)
FNDA:1,(anonymous_4)
FNDA:1,(anonymous_5)
FNDA:10,(anonymous_6)
FNDA:2,(anonymous_7)
FNDA:7,(anonymous_8)
FNDA:3,(anonymous_9)
FNDA:2,(anonymous_10)
FNDA:2,(anonymous_11)
DA:1,4
DA:2,4
DA:3,4
DA:4,4
DA:12,4
DA:13,4
DA:14,4
DA:16,4
DA:17,1
DA:18,1
DA:20,4
DA:21,1
DA:22,1
DA:26,4
DA:27,3
DA:29,3
DA:30,4
DA:32,4
DA:38,4
DA:39,4
DA:45,1
DA:49,4
DA:52,3
DA:56,4
DA:60,5
DA:62,5
DA:63,5
DA:66,5
DA:68,5
DA:69,5
DA:73,5
DA:74,5
DA:76,1
DA:77,1
DA:81,5
DA:82,3
DA:85,2
DA:86,2
DA:92,5
DA:93,5
DA:96,5
DA:97,5
DA:99,5
DA:102,5
DA:103,5
DA:106,5
DA:107,5
DA:108,5
DA:116,1
DA:120,5
DA:121,5
DA:123,1
DA:126,5
DA:129,5
DA:133,4
DA:138,4
DA:139,4
DA:140,1
DA:143,3
DA:144,3
DA:145,3
DA:148,3
DA:149,3
DA:152,3
DA:154,1
DA:155,3
DA:156,1
DA:158,3
DA:159,1
DA:160,1
DA:161,1
DA:164,3
DA:167,3
DA:170,3
DA:171,3
DA:180,3
DA:182,3
DA:184,3
DA:188,4
DA:192,10
DA:194,10
DA:195,10
DA:196,3
DA:197,3
DA:201,7
DA:202,1
DA:204,6
DA:207,7
DA:208,2
DA:209,2
DA:212,5
DA:213,5
DA:214,5
DA:217,5
DA:225,5
DA:229,4
DA:232,2
DA:234,2
DA:235,4
DA:236,4
DA:237,3
DA:241,2
DA:244,4
DA:248,7
DA:249,2
DA:251,5
DA:253,5
DA:255,5
DA:256,5
DA:259,5
DA:260,5
DA:261,5
DA:265,5
DA:266,4
DA:267,4
DA:271,5
DA:272,5
DA:276,5
DA:277,5
DA:278,5
DA:279,5
DA:280,4
DA:281,3
DA:282,3
DA:286,1
DA:291,4
DA:292,3
DA:295,4
DA:296,2
DA:299,4
DA:300,2
DA:301,2
DA:305,4
LF:133
LH:133
BRDA:16,0,0,1
BRDA:16,0,1,3
BRDA:20,1,0,1
BRDA:20,1,1,3
BRDA:62,2,0,5
BRDA:62,2,1,0
BRDA:81,3,0,3
BRDA:81,3,1,2
BRDA:93,4,0,5
BRDA:93,4,1,0
BRDA:139,5,0,1
BRDA:139,5,1,3
BRDA:145,6,0,3
BRDA:145,6,1,0
BRDA:158,7,0,1
BRDA:158,7,1,2
BRDA:190,8,0,9
BRDA:195,9,0,3
BRDA:195,9,1,7
BRDA:201,10,0,1
BRDA:201,10,1,6
BRDA:207,11,0,2
BRDA:207,11,1,5
BRDA:236,12,0,3
BRDA:236,12,1,1
BRDA:246,13,0,6
BRDA:248,14,0,2
BRDA:248,14,1,5
BRDA:248,15,0,7
BRDA:248,15,1,6
BRDA:251,16,0,1
BRDA:251,16,1,4
BRDA:260,17,0,5
BRDA:260,17,1,0
BRDA:265,18,0,4
BRDA:265,18,1,1
BRDA:280,19,0,3
BRDA:280,19,1,1
BRF:38
BRH:34
end_of_record
TN:
SF:src\services\reportService.ts
FN:12,(anonymous_1)
FN:29,(anonymous_2)
FN:41,(anonymous_3)
FN:53,(anonymous_4)
FN:64,(anonymous_5)
FN:77,(anonymous_6)
FN:90,(anonymous_7)
FN:117,(anonymous_8)
FN:178,(anonymous_9)
FN:237,(anonymous_10)
FN:251,(anonymous_11)
FN:266,(anonymous_12)
FN:290,(anonymous_13)
FN:298,(anonymous_14)
FN:327,(anonymous_15)
FN:336,(anonymous_16)
FN:395,(anonymous_17)
FN:426,(anonymous_18)
FN:438,(anonymous_19)
FN:470,(anonymous_20)
FN:487,(anonymous_21)
FNF:21
FNH:21
FNDA:26,(anonymous_1)
FNDA:17,(anonymous_2)
FNDA:3,(anonymous_3)
FNDA:4,(anonymous_4)
FNDA:3,(anonymous_5)
FNDA:6,(anonymous_6)
FNDA:5,(anonymous_7)
FNDA:3,(anonymous_8)
FNDA:9,(anonymous_9)
FNDA:3,(anonymous_10)
FNDA:5,(anonymous_11)
FNDA:8,(anonymous_12)
FNDA:9,(anonymous_13)
FNDA:9,(anonymous_14)
FNDA:3,(anonymous_15)
FNDA:25,(anonymous_16)
FNDA:9,(anonymous_17)
FNDA:8,(anonymous_18)
FNDA:5,(anonymous_19)
FNDA:2,(anonymous_20)
FNDA:7,(anonymous_21)
DA:1,2
DA:2,2
DA:5,2
DA:6,2
DA:12,2
DA:13,26
DA:20,26
DA:21,1
DA:25,26
DA:29,2
DA:30,17
DA:32,17
DA:33,13
DA:36,4
DA:41,2
DA:45,3
DA:50,3
DA:53,2
DA:54,4
DA:56,4
DA:57,1
DA:61,3
DA:64,2
DA:66,3
DA:68,2
DA:70,2
DA:71,1
DA:74,1
DA:77,2
DA:80,6
DA:83,5
DA:85,5
DA:87,3
DA:90,2
DA:96,5
DA:99,4
DA:100,4
DA:103,4
DA:104,1
DA:110,3
DA:111,3
DA:113,3
DA:114,3
DA:117,3
DA:118,3
DA:126,3
DA:130,3
DA:142,3
DA:151,3
DA:156,3
DA:159,3
DA:160,1
DA:167,2
DA:175,2
DA:178,2
DA:184,9
DA:185,1
DA:186,1
DA:189,8
DA:190,1
DA:193,7
DA:194,1
DA:197,6
DA:198,1
DA:201,5
DA:202,1
DA:205,4
DA:206,1
DA:210,3
DA:217,3
DA:222,3
DA:228,3
DA:229,3
DA:231,1
DA:234,3
DA:237,2
DA:241,3
DA:243,2
DA:248,2
DA:251,2
DA:253,5
DA:255,5
DA:256,1
DA:259,4
DA:261,3
DA:263,3
DA:266,2
DA:270,8
DA:272,8
DA:273,2
DA:278,6
DA:282,6
DA:283,3
DA:289,3
DA:290,9
DA:297,3
DA:299,9
DA:300,6
DA:301,3
DA:302,3
DA:306,1
DA:308,2
DA:313,3
DA:314,0
DA:320,3
DA:324,3
DA:327,2
DA:331,3
DA:333,3
DA:336,2
DA:339,25
DA:341,25
DA:342,25
DA:343,2
DA:347,23
DA:348,3
DA:353,20
DA:354,8
DA:358,5
DA:363,15
DA:364,15
DA:366,15
DA:367,10
DA:368,5
DA:369,3
DA:371,2
DA:374,13
DA:381,13
DA:392,13
DA:395,2
DA:400,9
DA:401,9
DA:402,1
DA:405,8
DA:407,6
DA:408,1
DA:410,2
DA:412,1
DA:413,1
DA:417,1
DA:420,5
DA:422,5
DA:426,8
DA:438,2
DA:443,5
DA:444,5
DA:445,0
DA:447,5
DA:448,5
DA:450,2
DA:451,1
DA:454,1
DA:456,3
DA:458,2
DA:459,1
DA:462,1
DA:466,1
DA:470,2
DA:487,2
DA:492,7
DA:495,6
DA:496,6
DA:497,1
DA:501,5
DA:502,1
DA:506,4
DA:512,4
DA:513,0
DA:519,4
DA:528,4
DA:529,4
DA:531,4
DA:532,1
DA:539,3
DA:543,3
DA:546,2
LF:176
LH:173
BRDA:15,0,0,26
BRDA:15,0,1,6
BRDA:20,1,0,1
BRDA:20,1,1,25
BRDA:32,2,0,13
BRDA:32,2,1,4
BRDA:56,3,0,1
BRDA:56,3,1,3
BRDA:70,4,0,1
BRDA:70,4,1,1
BRDA:80,5,0,1
BRDA:80,5,1,5
BRDA:85,6,0,2
BRDA:85,6,1,3
BRDA:100,7,0,0
BRDA:100,7,1,4
BRDA:103,8,0,1
BRDA:103,8,1,3
BRDA:113,9,0,3
BRDA:113,9,1,0
BRDA:114,10,0,3
BRDA:114,10,1,0
BRDA:152,11,0,3
BRDA:152,11,1,1
BRDA:152,11,2,1
BRDA:159,12,0,1
BRDA:159,12,1,2
BRDA:170,13,0,0
BRDA:170,13,1,2
BRDA:171,14,0,2
BRDA:171,14,1,0
BRDA:184,15,0,1
BRDA:184,15,1,8
BRDA:184,16,0,9
BRDA:184,16,1,9
BRDA:189,17,0,1
BRDA:189,17,1,7
BRDA:189,18,0,8
BRDA:189,18,1,8
BRDA:193,19,0,1
BRDA:193,19,1,6
BRDA:193,20,0,7
BRDA:193,20,1,6
BRDA:197,21,0,1
BRDA:197,21,1,5
BRDA:201,22,0,1
BRDA:201,22,1,4
BRDA:201,23,0,5
BRDA:201,23,1,5
BRDA:205,24,0,1
BRDA:205,24,1,3
BRDA:241,25,0,2
BRDA:241,25,1,1
BRDA:255,26,0,1
BRDA:255,26,1,4
BRDA:261,27,0,3
BRDA:261,27,1,1
BRDA:272,28,0,2
BRDA:272,28,1,6
BRDA:282,29,0,3
BRDA:282,29,1,3
BRDA:299,30,0,3
BRDA:299,30,1,6
BRDA:300,31,0,3
BRDA:300,31,1,3
BRDA:300,32,0,6
BRDA:300,32,1,0
BRDA:300,33,0,6
BRDA:300,33,1,0
BRDA:302,34,0,1
BRDA:302,34,1,2
BRDA:303,35,0,3
BRDA:303,35,1,2
BRDA:303,36,0,3
BRDA:303,36,1,0
BRDA:303,37,0,3
BRDA:303,37,1,0
BRDA:313,38,0,0
BRDA:313,38,1,3
BRDA:342,39,0,2
BRDA:342,39,1,23
BRDA:347,40,0,3
BRDA:347,40,1,20
BRDA:353,41,0,8
BRDA:353,41,1,12
BRDA:354,42,0,5
BRDA:354,42,1,3
BRDA:355,43,0,8
BRDA:355,43,1,5
BRDA:366,44,0,10
BRDA:366,44,1,5
BRDA:368,45,0,3
BRDA:368,45,1,2
BRDA:401,46,0,1
BRDA:401,46,1,8
BRDA:405,47,0,6
BRDA:405,47,1,2
BRDA:407,48,0,1
BRDA:407,48,1,5
BRDA:410,49,0,1
BRDA:410,49,1,1
BRDA:412,50,0,1
BRDA:412,50,1,0
BRDA:422,51,0,5
BRDA:422,51,1,0
BRDA:444,52,0,0
BRDA:444,52,1,5
BRDA:448,53,0,2
BRDA:448,53,1,3
BRDA:450,54,0,1
BRDA:450,54,1,1
BRDA:456,55,0,2
BRDA:456,55,1,1
BRDA:458,56,0,1
BRDA:458,56,1,1
BRDA:496,57,0,1
BRDA:496,57,1,5
BRDA:501,58,0,1
BRDA:501,58,1,4
BRDA:512,59,0,0
BRDA:512,59,1,4
BRDA:529,60,0,4
BRDA:529,60,1,0
BRDA:531,61,0,1
BRDA:531,61,1,3
BRDA:534,62,0,1
BRDA:534,62,1,0
BRF:127
BRH:111
end_of_record
TN:
SF:src\services\userService.ts
FN:16,(anonymous_1)
FN:63,(anonymous_2)
FN:76,(anonymous_3)
FN:87,(anonymous_4)
FN:91,(anonymous_5)
FN:95,(anonymous_6)
FN:103,(anonymous_7)
FN:107,(anonymous_8)
FN:111,(anonymous_9)
FN:115,(anonymous_10)
FNF:10
FNH:10
FNDA:14,(anonymous_1)
FNDA:7,(anonymous_2)
FNDA:2,(anonymous_3)
FNDA:1,(anonymous_4)
FNDA:1,(anonymous_5)
FNDA:2,(anonymous_6)
FNDA:3,(anonymous_7)
FNDA:3,(anonymous_8)
FNDA:3,(anonymous_9)
FNDA:5,(anonymous_10)
DA:1,2
DA:2,2
DA:3,2
DA:4,2
DA:5,2
DA:6,2
DA:13,2
DA:15,2
DA:22,14
DA:26,12
DA:27,1
DA:31,11
DA:35,9
DA:36,2
DA:40,7
DA:43,7
DA:52,7
DA:60,6
DA:69,7
DA:81,2
DA:88,1
DA:92,1
DA:96,2
DA:97,2
DA:98,1
DA:100,1
DA:104,3
DA:108,3
DA:112,3
DA:121,5
DA:122,5
DA:123,1
DA:127,4
DA:128,2
DA:131,4
DA:138,4
LF:36
LH:36
BRDA:18,0,0,5
BRDA:19,1,0,5
BRDA:26,2,0,1
BRDA:26,2,1,11
BRDA:35,3,0,2
BRDA:35,3,1,7
BRDA:44,4,0,7
BRDA:44,4,1,4
BRDA:45,5,0,7
BRDA:45,5,1,4
BRDA:46,6,0,7
BRDA:46,6,1,0
BRDA:47,7,0,7
BRDA:47,7,1,0
BRDA:91,8,0,1
BRDA:95,9,0,2
BRDA:97,10,0,1
BRDA:97,10,1,1
BRDA:122,11,0,1
BRDA:122,11,1,4
BRDA:127,12,0,2
BRDA:127,12,1,2
BRF:22
BRH:20
end_of_record
TN:
SF:src\utils\verificationUtils.ts
FN:4,(anonymous_1)
FN:13,(anonymous_2)
FN:17,(anonymous_3)
FN:22,(anonymous_4)
FN:30,(anonymous_5)
FNF:5
FNH:5
FNDA:1226,(anonymous_1)
FNDA:46,(anonymous_2)
FNDA:20,(anonymous_3)
FNDA:9,(anonymous_4)
FNDA:13,(anonymous_5)
DA:1,1
DA:2,1
DA:4,1
DA:5,1226
DA:10,1226
DA:13,1
DA:14,46
DA:17,1
DA:18,20
DA:19,20
DA:22,1
DA:23,9
DA:24,9
DA:27,9
DA:30,1
DA:31,13
DA:34,1
LF:17
LH:17
BRF:0
BRH:0
end_of_record
